<?xml version="1.0" encoding="UTF-8"?>
<!-- Generated by org.testng.reporters.JUnitReportReporter -->
<testsuite hostname="DESKTOP-8UBVH5E" failures="0" tests="4" name="Demo.TestNGGroupDemo" time="0.008" errors="0" timestamp="2022-04-04T10:13:37 PDT" skipped="0">
  <testcase classname="Demo.TestNGGroupDemo" name="test3" time="0.001"/>
  <system-out/>
  <testcase classname="Demo.TestNGGroupDemo" name="test2" time="0.000"/>
  <system-out/>
  <testcase classname="Demo.TestNGGroupDemo" name="test1" time="0.007"/>
  <system-out/>
  <testcase classname="Demo.TestNGGroupDemo" name="test4" time="0.000"/>
  <system-out/>
</testsuite> <!-- Demo.TestNGGroupDemo -->
