<?xml version="1.0" encoding="UTF-8"?>
<!-- Generated by org.testng.reporters.JUnitReportReporter -->
<testsuite hostname="DESKTOP-8UBVH5E" failures="0" tests="1" name="Demo.TestNGParametersDemo" time="0.005" errors="0" timestamp="2022-04-04T10:34:28 PDT" skipped="0">
  <testcase classname="Demo.TestNGParametersDemo" name="test" time="0.005"/>
  <system-out/>
</testsuite> <!-- Demo.TestNGParametersDemo -->
