<?xml version="1.0" encoding="UTF-8"?>
<!-- Generated by org.testng.reporters.JUnitReportReporter -->
<testsuite hostname="DESKTOP-8UBVH5E" failures="0" tests="3" name="Demo.TestNGDependencyDemo" time="0.009" errors="0" timestamp="2022-04-04T10:53:21 PDT" skipped="0">
  <testcase classname="Demo.TestNGDependencyDemo" name="test3" time="0.001"/>
  <system-out/>
  <testcase classname="Demo.TestNGDependencyDemo" name="test2" time="0.007"/>
  <system-out/>
  <testcase classname="Demo.TestNGDependencyDemo" name="test1" time="0.001"/>
  <system-out/>
</testsuite> <!-- Demo.TestNGDependencyDemo -->
