<?xml version="1.0" encoding="UTF-8"?>
<!-- Generated by org.testng.reporters.JUnitReportReporter -->
<testsuite hostname="DESKTOP-8UBVH5E" failures="0" tests="3" name="listeners.TestNGListenerDemo2" time="0.005" errors="0" timestamp="2022-04-03T13:54:06 PDT" skipped="0">
  <testcase classname="listeners.TestNGListenerDemo2" name="test6" time="0.002"/>
  <system-out/>
  <testcase classname="listeners.TestNGListenerDemo2" name="test4" time="0.002"/>
  <system-out/>
  <testcase classname="listeners.TestNGListenerDemo2" name="test5" time="0.001"/>
  <system-out/>
</testsuite> <!-- listeners.TestNGListenerDemo2 -->
