<?xml version="1.0" encoding="UTF-8"?>
<!-- Generated by org.testng.reporters.JUnitReportReporter -->
<testsuite hostname="DESKTOP-8UBVH5E" failures="0" tests="1" name="Demo.TestNGIgnoreDemo" time="0.006" errors="0" timestamp="2022-04-04T11:23:52 PDT" skipped="0">
  <testcase classname="Demo.TestNGIgnoreDemo" name="test2" time="0.006"/>
  <system-out/>
</testsuite> <!-- Demo.TestNGIgnoreDemo -->
