<?xml version="1.0" encoding="UTF-8"?>
<!-- Generated by org.testng.reporters.JUnitReportReporter -->
<testsuite hostname="DESKTOP-8UBVH5E" failures="0" tests="1" name="test.Test1_googleSearch_TestNGDemo2" time="3.506" errors="0" timestamp="2022-03-31T11:24:14 PDT" skipped="0">
  <testcase classname="test.Test1_googleSearch_TestNGDemo2" name="googleSearch2" time="3.506"/>
  <system-out/>
</testsuite> <!-- test.Test1_googleSearch_TestNGDemo2 -->
